Using pre-set license
Built from '2020.3/staging' branch; Version is '2020.3.10f1 (297d780c91bc) revision 2719096'; Using compiler version '192528614'; Build Type 'Release'
OS: 'Windows 10 Home Single Language; OS build 19043.985; Version 2009; 64bit' Language: 'fr' Physical Memory: 7874 MB
BatchMode: 1, IsHumanControllingUs: 0, StartBugReporterOnCrash: 0, Is64bit: 1, IsPro: 0

 COMMAND LINE ARGUMENTS:
C:\Program Files\Unity\Hub\Editor\2020.3.10f1\Editor\Unity.exe
-adb2
-batchMode
-noUpm
-name
AssetImportWorker0
-projectPath
D:/Backup/Documents/github/Finall-Project/fps Mirror
-logFile
Logs/AssetImportWorker0.log
-srvPort
64241
Successfully changed project path to: D:/Backup/Documents/github/Finall-Project/fps Mirror
D:/Backup/Documents/github/Finall-Project/fps Mirror
Using Asset Import Pipeline V2.
Refreshing native plugins compatible for Editor in 33.21 ms, found 2 plugins.
Preloading 0 native plugins for Editor in 0.00 ms.
Initialize engine version: 2020.3.10f1 (297d780c91bc)
[Subsystems] Discovering subsystems at path C:/Program Files/Unity/Hub/Editor/2020.3.10f1/Editor/Data/Resources/UnitySubsystems
[Subsystems] Discovering subsystems at path D:/Backup/Documents/github/Finall-Project/fps Mirror/Assets
GfxDevice: creating device client; threaded=0
Direct3D:
    Version:  Direct3D 11.0 [level 11.1]
    Renderer: Radeon RX 560X (ID=0x67ef)
    Vendor:   
    VRAM:     4041 MB
    Driver:   26.20.12036.4002
Initialize mono
Mono path[0] = 'C:/Program Files/Unity/Hub/Editor/2020.3.10f1/Editor/Data/Managed'
Mono path[1] = 'C:/Program Files/Unity/Hub/Editor/2020.3.10f1/Editor/Data/MonoBleedingEdge/lib/mono/unityjit'
Mono config path = 'C:/Program Files/Unity/Hub/Editor/2020.3.10f1/Editor/Data/MonoBleedingEdge/etc'
Using monoOptions --debugger-agent=transport=dt_socket,embedding=1,server=y,suspend=n,address=127.0.0.1:56644
Begin MonoManager ReloadAssembly
Registering precompiled unity dll's ...
Register platform support module: C:/Program Files/Unity/Hub/Editor/2020.3.10f1/Editor/Data/PlaybackEngines/WindowsStandaloneSupport/UnityEditor.WindowsStandalone.Extensions.dll
Registered in 0.002526 seconds.
Native extension for WindowsStandalone target not found
Refreshing native plugins compatible for Editor in 33.12 ms, found 2 plugins.
Preloading 0 native plugins for Editor in 0.00 ms.
Mono: successfully reloaded assembly
- Completed reload, in  1.436 seconds
Platform modules already initialized, skipping
Registering precompiled user dll's ...
Registered in 0.004203 seconds.
Begin MonoManager ReloadAssembly
Native extension for WindowsStandalone target not found
Refreshing native plugins compatible for Editor in 0.36 ms, found 2 plugins.
Preloading 0 native plugins for Editor in 0.00 ms.
Mono: successfully reloaded assembly
- Completed reload, in  1.361 seconds
Platform modules already initialized, skipping
========================================================================
Worker process is ready to serve import requests
Launched and connected shader compiler UnityShaderCompiler.exe after 0.07 seconds
Refreshing native plugins compatible for Editor in 0.34 ms, found 2 plugins.
Preloading 0 native plugins for Editor in 0.00 ms.
Unloading 1388 Unused Serialized files (Serialized files now loaded: 0)
System memory in use before: 64.6 MB.
System memory in use after: 64.7 MB.

Unloading 18 unused Assets to reduce memory usage. Loaded Objects now: 1822.
Total: 2.636000 ms (FindLiveObjects: 0.202800 ms CreateObjectMapping: 0.048200 ms MarkObjects: 2.212600 ms  DeleteObjects: 0.170300 ms)

========================================================================
Received Import Request.
  path: Assets/Materials/ground mat 1.mat
  artifactKey: Guid(d7081a7c4b8e74145918e84f10961a43) Importer(815301076,1909f56bfc062723c751e8b465ee728b)
Start importing Assets/Materials/ground mat 1.mat using Guid(d7081a7c4b8e74145918e84f10961a43) Importer(815301076,1909f56bfc062723c751e8b465ee728b)  -> (artifact id: 'bd704db0b402f40c82f1cf801f125044') in 0.402025 seconds
  Import took 0.405686 seconds .

========================================================================
Received Import Request.
  Time since last request: 0.000506 seconds.
  path: Assets/Materials/Gun.mat
  artifactKey: Guid(e813db82d61cd7849ac6402f9818cac1) Importer(815301076,1909f56bfc062723c751e8b465ee728b)
Start importing Assets/Materials/Gun.mat using Guid(e813db82d61cd7849ac6402f9818cac1) Importer(815301076,1909f56bfc062723c751e8b465ee728b)  -> (artifact id: '78ccd70321d1c84fd8131313656c7c20') in 0.016308 seconds
  Import took 0.019918 seconds .

========================================================================
Received Import Request.
  Time since last request: 0.000297 seconds.
  path: Assets/Materials/cubes mat.mat
  artifactKey: Guid(ddc0994bc0082c44ab10ed83444a62eb) Importer(815301076,1909f56bfc062723c751e8b465ee728b)
Start importing Assets/Materials/cubes mat.mat using Guid(ddc0994bc0082c44ab10ed83444a62eb) Importer(815301076,1909f56bfc062723c751e8b465ee728b)  -> (artifact id: '5f8aae5ce672cc4c629aecef063be060') in 0.025134 seconds
  Import took 0.028162 seconds .

========================================================================
Received Import Request.
  Time since last request: 2.512021 seconds.
  path: Assets/Scripts/PlayerController.cs
  artifactKey: Guid(4233cc4ec66bd57488ae02383397c172) Importer(815301076,1909f56bfc062723c751e8b465ee728b)
Start importing Assets/Scripts/PlayerController.cs using Guid(4233cc4ec66bd57488ae02383397c172) Importer(815301076,1909f56bfc062723c751e8b465ee728b)  -> (artifact id: '0497dd6f96e2ad72f0fc6f09cad73d54') in 0.068002 seconds
  Import took 0.070955 seconds .

AssetImportWorkerClient::OnTransportError - code=2 error=End of file
